# JRE version: OpenJDK Runtime Environment Temurin-21.0.6+7 (21.0.6+7) (build 21.0.6+7-LTS)
# Java VM: OpenJDK 64-Bit Server VM Temurin-21.0.6+7 (21.0.6+7-LTS, mixed mode, sharing, tiered, compressed oops, compressed class ptrs, parallel gc, windows-amd64)
GC Precious Log:
 CardTable entry size: 512
 CPUs: 8 total, 8 available
 Memory: 24418M
 Large Page Support: Disabled
 NUMA Support: Disabled
 Compressed Oops: Enabled (Zero based)
 Alignments: Space 512K, Generation 512K, Heap 2M
 Heap Min Capacity: 8M
 Heap Initial Capacity: 382M
 Heap Max Capacity: 4G
 Pre-touch: Disabled
 Parallel Workers: 8
Heap:
 PSYoungGen      total 205824K, used 201651K [0x00000007aab00000, 0x00000007bb600000, 0x0000000800000000)
  eden space 195072K, 97% used [0x00000007aab00000,0x00000007b6574f00,0x00000007b6980000)
  from space 10752K, 99% used [0x00000007b6980000,0x00000007b73f8060,0x00000007b7400000)
  to   space 19456K, 0% used [0x00000007ba300000,0x00000007ba300000,0x00000007bb600000)
 ParOldGen       total 261120K, used 144508K [0x0000000700000000, 0x000000070ff00000, 0x00000007aab00000)
  object space 261120K, 55% used [0x0000000700000000,0x0000000708d1f1b0,0x000000070ff00000)
 Metaspace       used 140119K, committed 142400K, reserved 983040K
  class space    used 17345K, committed 18496K, reserved 851968K
GC Heap History (20 events):
Event: 82.743 GC heap before
{Heap before GC invocations=73 (full 5):
 PSYoungGen      total 178176K, used 176128K [0x00000007aab00000, 0x00000007b8080000, 0x0000000800000000)
  eden space 176128K, 100% used [0x00000007aab00000,0x00000007b5700000,0x00000007b5700000)
  from space 2048K, 0% used [0x00000007b6d00000,0x00000007b6d00000,0x00000007b6f00000)
  to   space 12800K, 0% used [0x00000007b7400000,0x00000007b7400000,0x00000007b8080000)
 ParOldGen       total 261120K, used 80596K [0x0000000700000000, 0x000000070ff00000, 0x00000007aab00000)
  object space 261120K, 30% used [0x0000000700000000,0x0000000704eb5330,0x000000070ff00000)
 Metaspace       used 139092K, committed 141440K, reserved 983040K
  class space    used 17268K, committed 18432K, reserved 851968K
}
Event: 82.748 GC heap after
{Heap after GC invocations=73 (full 5):
 PSYoungGen      total 177152K, used 6466K [0x00000007aab00000, 0x00000007b7a80000, 0x0000000800000000)
  eden space 170496K, 0% used [0x00000007aab00000,0x00000007aab00000,0x00000007b5180000)
  from space 6656K, 97% used [0x00000007b7400000,0x00000007b7a50b88,0x00000007b7a80000)
  to   space 12800K, 0% used [0x00000007b6180000,0x00000007b6180000,0x00000007b6e00000)
 ParOldGen       total 261120K, used 80604K [0x0000000700000000, 0x000000070ff00000, 0x00000007aab00000)
  object space 261120K, 30% used [0x0000000700000000,0x0000000704eb7330,0x000000070ff00000)
 Metaspace       used 139092K, committed 141440K, reserved 983040K
  class space    used 17268K, committed 18432K, reserved 851968K
}
Event: 83.081 GC heap before
{Heap before GC invocations=74 (full 5):
 PSYoungGen      total 177152K, used 176962K [0x00000007aab00000, 0x00000007b7a80000, 0x0000000800000000)
  eden space 170496K, 100% used [0x00000007aab00000,0x00000007b5180000,0x00000007b5180000)
  from space 6656K, 97% used [0x00000007b7400000,0x00000007b7a50b88,0x00000007b7a80000)
  to   space 12800K, 0% used [0x00000007b6180000,0x00000007b6180000,0x00000007b6e00000)
 ParOldGen       total 261120K, used 80604K [0x0000000700000000, 0x000000070ff00000, 0x00000007aab00000)
  object space 261120K, 30% used [0x0000000700000000,0x0000000704eb7330,0x000000070ff00000)
 Metaspace       used 139192K, committed 141568K, reserved 983040K
  class space    used 17269K, committed 18432K, reserved 851968K
}
Event: 83.090 GC heap after
{Heap after GC invocations=74 (full 5):
 PSYoungGen      total 172032K, used 6406K [0x00000007aab00000, 0x00000007b7480000, 0x0000000800000000)
  eden space 165376K, 0% used [0x00000007aab00000,0x00000007aab00000,0x00000007b4c80000)
  from space 6656K, 96% used [0x00000007b6180000,0x00000007b67c1b48,0x00000007b6800000)
  to   space 12288K, 0% used [0x00000007b6880000,0x00000007b6880000,0x00000007b7480000)
 ParOldGen       total 261120K, used 86913K [0x0000000700000000, 0x000000070ff00000, 0x00000007aab00000)
  object space 261120K, 33% used [0x0000000700000000,0x00000007054e0548,0x000000070ff00000)
 Metaspace       used 139192K, committed 141568K, reserved 983040K
  class space    used 17269K, committed 18432K, reserved 851968K
}
Event: 83.434 GC heap before
{Heap before GC invocations=75 (full 5):
 PSYoungGen      total 172032K, used 171782K [0x00000007aab00000, 0x00000007b7480000, 0x0000000800000000)
  eden space 165376K, 100% used [0x00000007aab00000,0x00000007b4c80000,0x00000007b4c80000)
  from space 6656K, 96% used [0x00000007b6180000,0x00000007b67c1b48,0x00000007b6800000)
  to   space 12288K, 0% used [0x00000007b6880000,0x00000007b6880000,0x00000007b7480000)
 ParOldGen       total 261120K, used 86913K [0x0000000700000000, 0x000000070ff00000, 0x00000007aab00000)
  object space 261120K, 33% used [0x0000000700000000,0x00000007054e0548,0x000000070ff00000)
 Metaspace       used 139253K, committed 141568K, reserved 983040K
  class space    used 17269K, committed 18432K, reserved 851968K
}
Event: 83.440 GC heap after
{Heap after GC invocations=75 (full 5):
 PSYoungGen      total 165376K, used 4672K [0x00000007aab00000, 0x00000007b6d80000, 0x0000000800000000)
  eden space 160256K, 0% used [0x00000007aab00000,0x00000007aab00000,0x00000007b4780000)
  from space 5120K, 91% used [0x00000007b6880000,0x00000007b6d10000,0x00000007b6d80000)
  to   space 11776K, 0% used [0x00000007b5680000,0x00000007b5680000,0x00000007b6200000)
 ParOldGen       total 261120K, used 92705K [0x0000000700000000, 0x000000070ff00000, 0x00000007aab00000)
  object space 261120K, 35% used [0x0000000700000000,0x0000000705a886e0,0x000000070ff00000)
 Metaspace       used 139253K, committed 141568K, reserved 983040K
  class space    used 17269K, committed 18432K, reserved 851968K
}
Event: 83.819 GC heap before
{Heap before GC invocations=76 (full 5):
 PSYoungGen      total 165376K, used 164928K [0x00000007aab00000, 0x00000007b6d80000, 0x0000000800000000)
  eden space 160256K, 100% used [0x00000007aab00000,0x00000007b4780000,0x00000007b4780000)
  from space 5120K, 91% used [0x00000007b6880000,0x00000007b6d10000,0x00000007b6d80000)
  to   space 11776K, 0% used [0x00000007b5680000,0x00000007b5680000,0x00000007b6200000)
 ParOldGen       total 261120K, used 92708K [0x0000000700000000, 0x000000070ff00000, 0x00000007aab00000)
  object space 261120K, 35% used [0x0000000700000000,0x0000000705a891e8,0x000000070ff00000)
 Metaspace       used 139376K, committed 141696K, reserved 983040K
  class space    used 17269K, committed 18432K, reserved 851968K
}
Event: 83.823 GC heap after
{Heap after GC invocations=76 (full 5):
 PSYoungGen      total 167936K, used 7221K [0x00000007aab00000, 0x00000007b6900000, 0x0000000800000000)
  eden space 160256K, 0% used [0x00000007aab00000,0x00000007aab00000,0x00000007b4780000)
  from space 7680K, 94% used [0x00000007b5680000,0x00000007b5d8d6f0,0x00000007b5e00000)
  to   space 11264K, 0% used [0x00000007b5e00000,0x00000007b5e00000,0x00000007b6900000)
 ParOldGen       total 261120K, used 97276K [0x0000000700000000, 0x000000070ff00000, 0x00000007aab00000)
  object space 261120K, 37% used [0x0000000700000000,0x0000000705eff1e8,0x000000070ff00000)
 Metaspace       used 139376K, committed 141696K, reserved 983040K
  class space    used 17269K, committed 18432K, reserved 851968K
}
Event: 83.955 GC heap before
{Heap before GC invocations=77 (full 5):
 PSYoungGen      total 167936K, used 167477K [0x00000007aab00000, 0x00000007b6900000, 0x0000000800000000)
  eden space 160256K, 100% used [0x00000007aab00000,0x00000007b4780000,0x00000007b4780000)
  from space 7680K, 94% used [0x00000007b5680000,0x00000007b5d8d6f0,0x00000007b5e00000)
  to   space 11264K, 0% used [0x00000007b5e00000,0x00000007b5e00000,0x00000007b6900000)
 ParOldGen       total 261120K, used 97284K [0x0000000700000000, 0x000000070ff00000, 0x00000007aab00000)
  object space 261120K, 37% used [0x0000000700000000,0x0000000705f01108,0x000000070ff00000)
 Metaspace       used 139388K, committed 141696K, reserved 983040K
  class space    used 17269K, committed 18432K, reserved 851968K
}
Event: 83.959 GC heap after
{Heap after GC invocations=77 (full 5):
 PSYoungGen      total 168960K, used 8385K [0x00000007aab00000, 0x00000007b6680000, 0x0000000800000000)
  eden space 160256K, 0% used [0x00000007aab00000,0x00000007aab00000,0x00000007b4780000)
  from space 8704K, 96% used [0x00000007b5e00000,0x00000007b66307b0,0x00000007b6680000)
  to   space 12288K, 0% used [0x00000007b4e80000,0x00000007b4e80000,0x00000007b5a80000)
 ParOldGen       total 261120K, used 103760K [0x0000000700000000, 0x000000070ff00000, 0x00000007aab00000)
  object space 261120K, 39% used [0x0000000700000000,0x00000007065543e0,0x000000070ff00000)
 Metaspace       used 139388K, committed 141696K, reserved 983040K
  class space    used 17269K, committed 18432K, reserved 851968K
}
Event: 84.137 GC heap before
{Heap before GC invocations=78 (full 5):
 PSYoungGen      total 168960K, used 168641K [0x00000007aab00000, 0x00000007b6680000, 0x0000000800000000)
  eden space 160256K, 100% used [0x00000007aab00000,0x00000007b4780000,0x00000007b4780000)
  from space 8704K, 96% used [0x00000007b5e00000,0x00000007b66307b0,0x00000007b6680000)
  to   space 12288K, 0% used [0x00000007b4e80000,0x00000007b4e80000,0x00000007b5a80000)
 ParOldGen       total 261120K, used 103782K [0x0000000700000000, 0x000000070ff00000, 0x00000007aab00000)
  object space 261120K, 39% used [0x0000000700000000,0x0000000706559918,0x000000070ff00000)
 Metaspace       used 139428K, committed 141760K, reserved 983040K
  class space    used 17270K, committed 18432K, reserved 851968K
}
Event: 84.144 GC heap after
{Heap after GC invocations=78 (full 5):
 PSYoungGen      total 166400K, used 5918K [0x00000007aab00000, 0x00000007b5e80000, 0x0000000800000000)
  eden space 160256K, 0% used [0x00000007aab00000,0x00000007aab00000,0x00000007b4780000)
  from space 6144K, 96% used [0x00000007b4e80000,0x00000007b5447b30,0x00000007b5480000)
  to   space 10240K, 0% used [0x00000007b5480000,0x00000007b5480000,0x00000007b5e80000)
 ParOldGen       total 261120K, used 111813K [0x0000000700000000, 0x000000070ff00000, 0x00000007aab00000)
  object space 261120K, 42% used [0x0000000700000000,0x0000000706d31608,0x000000070ff00000)
 Metaspace       used 139428K, committed 141760K, reserved 983040K
  class space    used 17270K, committed 18432K, reserved 851968K
}
Event: 84.386 GC heap before
{Heap before GC invocations=79 (full 5):
 PSYoungGen      total 166400K, used 166174K [0x00000007aab00000, 0x00000007b5e80000, 0x0000000800000000)
  eden space 160256K, 100% used [0x00000007aab00000,0x00000007b4780000,0x00000007b4780000)
  from space 6144K, 96% used [0x00000007b4e80000,0x00000007b5447b30,0x00000007b5480000)
  to   space 10240K, 0% used [0x00000007b5480000,0x00000007b5480000,0x00000007b5e80000)
 ParOldGen       total 261120K, used 111840K [0x0000000700000000, 0x000000070ff00000, 0x00000007aab00000)
  object space 261120K, 42% used [0x0000000700000000,0x0000000706d380a0,0x000000070ff00000)
 Metaspace       used 139465K, committed 141760K, reserved 983040K
  class space    used 17271K, committed 18432K, reserved 851968K
}
Event: 84.390 GC heap after
{Heap after GC invocations=79 (full 5):
 PSYoungGen      total 172544K, used 5216K [0x00000007aab00000, 0x00000007b7d00000, 0x0000000800000000)
  eden space 162304K, 0% used [0x00000007aab00000,0x00000007aab00000,0x00000007b4980000)
  from space 10240K, 50% used [0x00000007b5480000,0x00000007b5998000,0x00000007b5e80000)
  to   space 11264K, 0% used [0x00000007b4980000,0x00000007b4980000,0x00000007b5480000)
 ParOldGen       total 261120K, used 116712K [0x0000000700000000, 0x000000070ff00000, 0x00000007aab00000)
  object space 261120K, 44% used [0x0000000700000000,0x00000007071fa0c0,0x000000070ff00000)
 Metaspace       used 139465K, committed 141760K, reserved 983040K
  class space    used 17271K, committed 18432K, reserved 851968K
}
Event: 84.805 GC heap before
{Heap before GC invocations=80 (full 5):
 PSYoungGen      total 172544K, used 167520K [0x00000007aab00000, 0x00000007b7d00000, 0x0000000800000000)
  eden space 162304K, 100% used [0x00000007aab00000,0x00000007b4980000,0x00000007b4980000)
  from space 10240K, 50% used [0x00000007b5480000,0x00000007b5998000,0x00000007b5e80000)
  to   space 11264K, 0% used [0x00000007b4980000,0x00000007b4980000,0x00000007b5480000)
 ParOldGen       total 261120K, used 116712K [0x0000000700000000, 0x000000070ff00000, 0x00000007aab00000)
  object space 261120K, 44% used [0x0000000700000000,0x00000007071fa0c0,0x000000070ff00000)
 Metaspace       used 139465K, committed 141760K, reserved 983040K
  class space    used 17271K, committed 18432K, reserved 851968K
}
Event: 84.808 GC heap after
{Heap after GC invocations=80 (full 5):
 PSYoungGen      total 173568K, used 3830K [0x00000007aab00000, 0x00000007b7f80000, 0x0000000800000000)
  eden space 162304K, 0% used [0x00000007aab00000,0x00000007aab00000,0x00000007b4980000)
  from space 11264K, 34% used [0x00000007b4980000,0x00000007b4d3d890,0x00000007b5480000)
  to   space 11264K, 0% used [0x00000007b7480000,0x00000007b7480000,0x00000007b7f80000)
 ParOldGen       total 261120K, used 121832K [0x0000000700000000, 0x000000070ff00000, 0x00000007aab00000)
  object space 261120K, 46% used [0x0000000700000000,0x00000007076fa0e0,0x000000070ff00000)
 Metaspace       used 139465K, committed 141760K, reserved 983040K
  class space    used 17271K, committed 18432K, reserved 851968K
}
Event: 85.193 GC heap before
{Heap before GC invocations=81 (full 5):
 PSYoungGen      total 173568K, used 166134K [0x00000007aab00000, 0x00000007b7f80000, 0x0000000800000000)
  eden space 162304K, 100% used [0x00000007aab00000,0x00000007b4980000,0x00000007b4980000)
  from space 11264K, 34% used [0x00000007b4980000,0x00000007b4d3d890,0x00000007b5480000)
  to   space 11264K, 0% used [0x00000007b7480000,0x00000007b7480000,0x00000007b7f80000)
 ParOldGen       total 261120K, used 121832K [0x0000000700000000, 0x000000070ff00000, 0x00000007aab00000)
  object space 261120K, 46% used [0x0000000700000000,0x00000007076fa0e0,0x000000070ff00000)
 Metaspace       used 139465K, committed 141760K, reserved 983040K
  class space    used 17271K, committed 18432K, reserved 851968K
}
Event: 85.197 GC heap after
{Heap after GC invocations=81 (full 5):
 PSYoungGen      total 205312K, used 3840K [0x00000007aab00000, 0x00000007b7e80000, 0x0000000800000000)
  eden space 195072K, 0% used [0x00000007aab00000,0x00000007aab00000,0x00000007b6980000)
  from space 10240K, 37% used [0x00000007b7480000,0x00000007b7840000,0x00000007b7e80000)
  to   space 10752K, 0% used [0x00000007b6980000,0x00000007b6980000,0x00000007b7400000)
 ParOldGen       total 261120K, used 125600K [0x0000000700000000, 0x000000070ff00000, 0x00000007aab00000)
  object space 261120K, 48% used [0x0000000700000000,0x0000000707aa80e0,0x000000070ff00000)
 Metaspace       used 139465K, committed 141760K, reserved 983040K
  class space    used 17271K, committed 18432K, reserved 851968K
}
Event: 85.794 GC heap before
{Heap before GC invocations=82 (full 5):
 PSYoungGen      total 205312K, used 198912K [0x00000007aab00000, 0x00000007b7e80000, 0x0000000800000000)
  eden space 195072K, 100% used [0x00000007aab00000,0x00000007b6980000,0x00000007b6980000)
  from space 10240K, 37% used [0x00000007b7480000,0x00000007b7840000,0x00000007b7e80000)
  to   space 10752K, 0% used [0x00000007b6980000,0x00000007b6980000,0x00000007b7400000)
 ParOldGen       total 261120K, used 125600K [0x0000000700000000, 0x000000070ff00000, 0x00000007aab00000)
  object space 261120K, 48% used [0x0000000700000000,0x0000000707aa80e0,0x000000070ff00000)
 Metaspace       used 139645K, committed 142016K, reserved 983040K
  class space    used 17302K, committed 18496K, reserved 851968K
}
Event: 85.817 GC heap after
{Heap after GC invocations=82 (full 5):
 PSYoungGen      total 205824K, used 10720K [0x00000007aab00000, 0x00000007bb600000, 0x0000000800000000)
  eden space 195072K, 0% used [0x00000007aab00000,0x00000007aab00000,0x00000007b6980000)
  from space 10752K, 99% used [0x00000007b6980000,0x00000007b73f8060,0x00000007b7400000)
  to   space 19456K, 0% used [0x00000007ba300000,0x00000007ba300000,0x00000007bb600000)
 ParOldGen       total 261120K, used 144508K [0x0000000700000000, 0x000000070ff00000, 0x00000007aab00000)
  object space 261120K, 55% used [0x0000000700000000,0x0000000708d1f1b0,0x000000070ff00000)
 Metaspace       used 139645K, committed 142016K, reserved 983040K
  class space    used 17302K, committed 18496K, reserved 851968K
}

